<?xml version="1.0" encoding="UTF-8"?>
<testsuite xmlns:xsi="http://www.w3.org/2001/XMLSchema-instance" xsi:noNamespaceSchemaLocation="https://maven.apache.org/surefire/maven-surefire-plugin/xsd/surefire-test-report-3.0.xsd" version="3.0" name="vendas.VendasTests" time="2.215" tests="1" errors="0" skipped="0" failures="0">
  <properties>
[...]
</properties>
  <testcase name="contextLoads" classname="vendas.VendasTests" time="0.007">
    <system-out><![CDATA[2023-09-05T11:46:52.044-03:00  INFO 29156 --- [           main] t.c.s.AnnotationConfigContextLoaderUtils : Could not detect default configuration classes for test class [vendas.VendasTests]: VendasTests does not declare any static, non-private, non-final, nested classes annotated with @Configuration.
2023-09-05T11:46:52.054-03:00  INFO 29156 --- [           main] .b.t.c.SpringBootTestContextBootstrapper : Found @SpringBootConfiguration vendas.VendasApplication for test class vendas.VendasTests

  .   ____          _            __ _ _
 /\\ / ___'_ __ _ _(_)_ __  __ _ \ \ \ \
( ( )\___ | '_ | '_| | '_ \/ _` | \ \ \ \
 \\/  ___)| |_)| | | | | || (_| |  ) ) ) )
  '  |____| .__|_| |_|_| |_\__, | / / / /
 =========|_|==============|___/=/_/_/_/
 :: Spring Boot ::                (v3.1.2)

2023-09-05T11:46:52.109-03:00  INFO 29156 --- [           main] vendas.VendasTests                       : Starting VendasTests using Java 17.0.8 with PID 29156 (started by Muryllo in C:\Users\Muryllo\Desktop\TestesComSpringApiVendas\Vendas\SpringExemplo)
2023-09-05T11:46:52.110-03:00  INFO 29156 --- [           main] vendas.VendasTests                       : The following 1 profile is active: "test"
2023-09-05T11:46:52.747-03:00  INFO 29156 --- [           main] .s.d.r.c.RepositoryConfigurationDelegate : Bootstrapping Spring Data JPA repositories in DEFAULT mode.
2023-09-05T11:46:52.780-03:00  INFO 29156 --- [           main] .s.d.r.c.RepositoryConfigurationDelegate : Finished Spring Data repository scanning in 32 ms. Found 5 JPA repository interfaces.
2023-09-05T11:46:53.042-03:00  INFO 29156 --- [           main] com.zaxxer.hikari.HikariDataSource       : HikariPool-1 - Starting...
2023-09-05T11:46:53.074-03:00  INFO 29156 --- [           main] com.zaxxer.hikari.pool.HikariPool        : HikariPool-1 - Added connection conn105: url=jdbc:h2:mem:userdb user=SA
2023-09-05T11:46:53.080-03:00  INFO 29156 --- [           main] com.zaxxer.hikari.HikariDataSource       : HikariPool-1 - Start completed.
2023-09-05T11:46:53.100-03:00  INFO 29156 --- [           main] o.hibernate.jpa.internal.util.LogHelper  : HHH000204: Processing PersistenceUnitInfo [name: default]
2023-09-05T11:46:53.113-03:00  INFO 29156 --- [           main] o.h.b.i.BytecodeProviderInitiator        : HHH000021: Bytecode provider name : bytebuddy
2023-09-05T11:46:53.113-03:00  INFO 29156 --- [           main] o.s.o.j.p.SpringPersistenceUnitInfo      : No LoadTimeWeaver setup: ignoring JPA class transformer
2023-09-05T11:46:53.154-03:00  INFO 29156 --- [           main] o.h.b.i.BytecodeProviderInitiator        : HHH000021: Bytecode provider name : bytebuddy
2023-09-05T11:46:53.178-03:00  WARN 29156 --- [           main] org.hibernate.mapping.RootClass          : HHH000038: Composite-id class does not override equals(): vendas.entites.compostas.OrderItemPK
2023-09-05T11:46:53.179-03:00  WARN 29156 --- [           main] org.hibernate.mapping.RootClass          : HHH000039: Composite-id class does not override hashCode(): vendas.entites.compostas.OrderItemPK
2023-09-05T11:46:53.258-03:00  INFO 29156 --- [           main] o.h.e.t.j.p.i.JtaPlatformInitiator       : HHH000490: Using JtaPlatform implementation: [org.hibernate.engine.transaction.jta.platform.internal.NoJtaPlatform]
Hibernate: 
    drop table if exists categories cascade 
Hibernate: 
    drop table if exists order_item cascade 
Hibernate: 
    drop table if exists orders cascade 
Hibernate: 
    drop table if exists payments cascade 
Hibernate: 
    drop table if exists product_category cascade 
Hibernate: 
    drop table if exists products cascade 
Hibernate: 
    drop table if exists users cascade 
Hibernate: 
    create table categories (
        id bigint generated by default as identity,
        name varchar(255),
        primary key (id)
    )
Hibernate: 
    create table order_item (
        price float(53),
        quantity integer,
        order_id bigint not null,
        product_id bigint not null,
        primary key (order_id, product_id)
    )
Hibernate: 
    create table orders (
        order_status integer,
        client_id bigint,
        id bigint generated by default as identity,
        moment timestamp(6) with time zone,
        primary key (id)
    )
Hibernate: 
    create table payments (
        moment timestamp(6) with time zone,
        order_id bigint not null,
        primary key (order_id)
    )
Hibernate: 
    create table product_category (
        category_id bigint not null,
        product_id bigint not null,
        primary key (category_id, product_id)
    )
Hibernate: 
    create table products (
        price float(53) not null,
        id bigint generated by default as identity,
        description varchar(255) not null,
        img_url varchar(255) not null,
        name varchar(255) not null,
        primary key (id)
    )
Hibernate: 
    create table users (
        id bigint generated by default as identity,
        phone varchar(9),
        email varchar(255) not null,
        name varchar(255) not null,
        password varchar(255) not null,
        primary key (id)
    )
Hibernate: 
    alter table if exists order_item 
       add constraint FKc5uhmwioq5kscilyuchp4w49o 
       foreign key (product_id) 
       references products
Hibernate: 
    alter table if exists order_item 
       add constraint FKt4dc2r9nbvbujrljv3e23iibt 
       foreign key (order_id) 
       references orders
Hibernate: 
    alter table if exists orders 
       add constraint FKojjigrbyd7qrcwrxvr7e9bdr2 
       foreign key (client_id) 
       references users
Hibernate: 
    alter table if exists payments 
       add constraint FK81gagumt0r8y3rmudcgpbk42l 
       foreign key (order_id) 
       references orders
Hibernate: 
    alter table if exists product_category 
       add constraint FKdswxvx2nl2032yjv609r29sdr 
       foreign key (category_id) 
       references categories
Hibernate: 
    alter table if exists product_category 
       add constraint FK5w81wp3eyugvi2lii94iao3fm 
       foreign key (product_id) 
       references products
2023-09-05T11:46:53.279-03:00  INFO 29156 --- [           main] j.LocalContainerEntityManagerFactoryBean : Initialized JPA EntityManagerFactory for persistence unit 'default'
2023-09-05T11:46:54.089-03:00  INFO 29156 --- [           main] o.s.b.a.h2.H2ConsoleAutoConfiguration    : H2 console available at '/h2-console'. Database available at 'jdbc:h2:mem:userdb'
2023-09-05T11:46:54.137-03:00  INFO 29156 --- [           main] vendas.VendasTests                       : Started VendasTests in 2.068 seconds (process running for 27.962)
Hibernate: 
    insert 
    into
        categories
        (name,id) 
    values
        (?,default)
Hibernate: 
    insert 
    into
        categories
        (name,id) 
    values
        (?,default)
Hibernate: 
    insert 
    into
        categories
        (name,id) 
    values
        (?,default)
Hibernate: 
    insert 
    into
        products
        (description,img_url,name,price,id) 
    values
        (?,?,?,?,default)
Hibernate: 
    insert 
    into
        products
        (description,img_url,name,price,id) 
    values
        (?,?,?,?,default)
Hibernate: 
    insert 
    into
        products
        (description,img_url,name,price,id) 
    values
        (?,?,?,?,default)
Hibernate: 
    insert 
    into
        products
        (description,img_url,name,price,id) 
    values
        (?,?,?,?,default)
Hibernate: 
    insert 
    into
        products
        (description,img_url,name,price,id) 
    values
        (?,?,?,?,default)
Hibernate: 
    insert 
    into
        product_category
        (product_id,category_id) 
    values
        (?,?)
Hibernate: 
    insert 
    into
        product_category
        (product_id,category_id) 
    values
        (?,?)
Hibernate: 
    insert 
    into
        product_category
        (product_id,category_id) 
    values
        (?,?)
Hibernate: 
    insert 
    into
        product_category
        (product_id,category_id) 
    values
        (?,?)
Hibernate: 
    insert 
    into
        product_category
        (product_id,category_id) 
    values
        (?,?)
Hibernate: 
    insert 
    into
        users
        (email,name,password,phone,id) 
    values
        (?,?,?,?,default)
Hibernate: 
    insert 
    into
        users
        (email,name,password,phone,id) 
    values
        (?,?,?,?,default)
Hibernate: 
    insert 
    into
        orders
        (client_id,moment,order_status,id) 
    values
        (?,?,?,default)
Hibernate: 
    insert 
    into
        orders
        (client_id,moment,order_status,id) 
    values
        (?,?,?,default)
Hibernate: 
    insert 
    into
        orders
        (client_id,moment,order_status,id) 
    values
        (?,?,?,default)
Hibernate: 
    select
        o1_0.order_id,
        o2_0.id,
        c1_0.id,
        c1_0.email,
        c1_0.name,
        c1_0.password,
        c1_0.phone,
        o2_0.moment,
        o2_0.order_status,
        p1_0.order_id,
        p1_0.moment,
        o1_0.product_id,
        p2_0.id,
        p2_0.description,
        p2_0.img_url,
        p2_0.name,
        p2_0.price,
        o1_0.price,
        o1_0.quantity 
    from
        order_item o1_0 
    left join
        orders o2_0 
            on o2_0.id=o1_0.order_id 
    left join
        users c1_0 
            on c1_0.id=o2_0.client_id 
    left join
        payments p1_0 
            on o2_0.id=p1_0.order_id 
    left join
        products p2_0 
            on p2_0.id=o1_0.product_id 
    where
        (
            o1_0.order_id,o1_0.product_id
        ) in ((?,?))
Hibernate: 
    select
        o1_0.order_id,
        o2_0.id,
        c1_0.id,
        c1_0.email,
        c1_0.name,
        c1_0.password,
        c1_0.phone,
        o2_0.moment,
        o2_0.order_status,
        p1_0.order_id,
        p1_0.moment,
        o1_0.product_id,
        p2_0.id,
        p2_0.description,
        p2_0.img_url,
        p2_0.name,
        p2_0.price,
        o1_0.price,
        o1_0.quantity 
    from
        order_item o1_0 
    left join
        orders o2_0 
            on o2_0.id=o1_0.order_id 
    left join
        users c1_0 
            on c1_0.id=o2_0.client_id 
    left join
        payments p1_0 
            on o2_0.id=p1_0.order_id 
    left join
        products p2_0 
            on p2_0.id=o1_0.product_id 
    where
        (
            o1_0.order_id,o1_0.product_id
        ) in ((?,?))
Hibernate: 
    select
        o1_0.order_id,
        o2_0.id,
        c1_0.id,
        c1_0.email,
        c1_0.name,
        c1_0.password,
        c1_0.phone,
        o2_0.moment,
        o2_0.order_status,
        p1_0.order_id,
        p1_0.moment,
        o1_0.product_id,
        p2_0.id,
        p2_0.description,
        p2_0.img_url,
        p2_0.name,
        p2_0.price,
        o1_0.price,
        o1_0.quantity 
    from
        order_item o1_0 
    left join
        orders o2_0 
            on o2_0.id=o1_0.order_id 
    left join
        users c1_0 
            on c1_0.id=o2_0.client_id 
    left join
        payments p1_0 
            on o2_0.id=p1_0.order_id 
    left join
        products p2_0 
            on p2_0.id=o1_0.product_id 
    where
        (
            o1_0.order_id,o1_0.product_id
        ) in ((?,?))
Hibernate: 
    select
        o1_0.order_id,
        o2_0.id,
        c1_0.id,
        c1_0.email,
        c1_0.name,
        c1_0.password,
        c1_0.phone,
        o2_0.moment,
        o2_0.order_status,
        p1_0.order_id,
        p1_0.moment,
        o1_0.product_id,
        p2_0.id,
        p2_0.description,
        p2_0.img_url,
        p2_0.name,
        p2_0.price,
        o1_0.price,
        o1_0.quantity 
    from
        order_item o1_0 
    left join
        orders o2_0 
            on o2_0.id=o1_0.order_id 
    left join
        users c1_0 
            on c1_0.id=o2_0.client_id 
    left join
        payments p1_0 
            on o2_0.id=p1_0.order_id 
    left join
        products p2_0 
            on p2_0.id=o1_0.product_id 
    where
        (
            o1_0.order_id,o1_0.product_id
        ) in ((?,?))
Hibernate: 
    insert 
    into
        order_item
        (price,quantity,order_id,product_id) 
    values
        (?,?,?,?)
Hibernate: 
    insert 
    into
        order_item
        (price,quantity,order_id,product_id) 
    values
        (?,?,?,?)
Hibernate: 
    insert 
    into
        order_item
        (price,quantity,order_id,product_id) 
    values
        (?,?,?,?)
Hibernate: 
    insert 
    into
        order_item
        (price,quantity,order_id,product_id) 
    values
        (?,?,?,?)
Hibernate: 
    select
        o1_0.id,
        c1_0.id,
        c1_0.email,
        c1_0.name,
        c1_0.password,
        c1_0.phone,
        i1_0.order_id,
        i1_0.product_id,
        p1_0.id,
        p1_0.description,
        p1_0.img_url,
        p1_0.name,
        p1_0.price,
        i1_0.price,
        i1_0.quantity,
        o1_0.moment,
        o1_0.order_status,
        p2_0.order_id,
        p2_0.moment 
    from
        orders o1_0 
    left join
        users c1_0 
            on c1_0.id=o1_0.client_id 
    left join
        order_item i1_0 
            on o1_0.id=i1_0.order_id 
    left join
        products p1_0 
            on p1_0.id=i1_0.product_id 
    left join
        payments p2_0 
            on o1_0.id=p2_0.order_id 
    where
        o1_0.id=?
Hibernate: 
    select
        i1_0.product_id,
        i1_0.order_id,
        o1_0.id,
        c1_0.id,
        c1_0.email,
        c1_0.name,
        c1_0.password,
        c1_0.phone,
        o1_0.moment,
        o1_0.order_status,
        p1_0.order_id,
        p1_0.moment,
        i1_0.price,
        i1_0.quantity 
    from
        order_item i1_0 
    left join
        orders o1_0 
            on o1_0.id=i1_0.order_id 
    left join
        users c1_0 
            on c1_0.id=o1_0.client_id 
    left join
        payments p1_0 
            on o1_0.id=p1_0.order_id 
    where
        i1_0.product_id=?
Hibernate: 
    select
        i1_0.order_id,
        i1_0.product_id,
        p1_0.id,
        p1_0.description,
        p1_0.img_url,
        p1_0.name,
        p1_0.price,
        i1_0.price,
        i1_0.quantity 
    from
        order_item i1_0 
    left join
        products p1_0 
            on p1_0.id=i1_0.product_id 
    where
        i1_0.order_id=?
Hibernate: 
    select
        i1_0.product_id,
        i1_0.order_id,
        o1_0.id,
        c1_0.id,
        c1_0.email,
        c1_0.name,
        c1_0.password,
        c1_0.phone,
        o1_0.moment,
        o1_0.order_status,
        p1_0.order_id,
        p1_0.moment,
        i1_0.price,
        i1_0.quantity 
    from
        order_item i1_0 
    left join
        orders o1_0 
            on o1_0.id=i1_0.order_id 
    left join
        users c1_0 
            on c1_0.id=o1_0.client_id 
    left join
        payments p1_0 
            on o1_0.id=p1_0.order_id 
    where
        i1_0.product_id=?
Hibernate: 
    insert 
    into
        payments
        (moment,order_id) 
    values
        (?,?)
Hibernate: 
    select
        o1_0.id,
        c1_0.id,
        c1_0.email,
        c1_0.name,
        c1_0.password,
        c1_0.phone,
        i1_0.order_id,
        i1_0.product_id,
        p1_0.id,
        p1_0.description,
        p1_0.img_url,
        p1_0.name,
        p1_0.price,
        i1_0.price,
        i1_0.quantity,
        o1_0.moment,
        o1_0.order_status,
        p2_0.order_id,
        p2_0.moment 
    from
        orders o1_0 
    left join
        users c1_0 
            on c1_0.id=o1_0.client_id 
    left join
        order_item i1_0 
            on o1_0.id=i1_0.order_id 
    left join
        products p1_0 
            on p1_0.id=i1_0.product_id 
    left join
        payments p2_0 
            on o1_0.id=p2_0.order_id 
    where
        o1_0.id=?
Hibernate: 
    select
        i1_0.product_id,
        i1_0.order_id,
        o1_0.id,
        c1_0.id,
        c1_0.email,
        c1_0.name,
        c1_0.password,
        c1_0.phone,
        o1_0.moment,
        o1_0.order_status,
        p1_0.order_id,
        p1_0.moment,
        i1_0.price,
        i1_0.quantity 
    from
        order_item i1_0 
    left join
        orders o1_0 
            on o1_0.id=i1_0.order_id 
    left join
        users c1_0 
            on c1_0.id=o1_0.client_id 
    left join
        payments p1_0 
            on o1_0.id=p1_0.order_id 
    where
        i1_0.product_id=?
Hibernate: 
    insert 
    into
        payments
        (moment,order_id) 
    values
        (?,?)
]]></system-out>
  </testcase>
</testsuite>