<?xml version="1.0" encoding="UTF-8"?>
<testsuite xmlns:xsi="http://www.w3.org/2001/XMLSchema-instance" xsi:noNamespaceSchemaLocation="https://maven.apache.org/surefire/maven-surefire-plugin/xsd/surefire-test-report-3.0.xsd" version="3.0" name="vendas.repositories.UserRepositoryTest" time="2.871" tests="5" errors="0" skipped="0" failures="0">
  <properties>
[...]
</properties>
  <testcase name="listarUsuarioRepositoryId" classname="vendas.repositories.UserRepositoryTest" time="0.021">
    <system-out><![CDATA[2023-09-05T11:46:48.433-03:00  INFO 29156 --- [           main] t.c.s.AnnotationConfigContextLoaderUtils : Could not detect default configuration classes for test class [vendas.repositories.UserRepositoryTest]: UserRepositoryTest does not declare any static, non-private, non-final, nested classes annotated with @Configuration.
2023-09-05T11:46:48.442-03:00  INFO 29156 --- [           main] .b.t.c.SpringBootTestContextBootstrapper : Found @SpringBootConfiguration vendas.VendasApplication for test class vendas.repositories.UserRepositoryTest

  .   ____          _            __ _ _
 /\\ / ___'_ __ _ _(_)_ __  __ _ \ \ \ \
( ( )\___ | '_ | '_| | '_ \/ _` | \ \ \ \
 \\/  ___)| |_)| | | | | || (_| |  ) ) ) )
  '  |____| .__|_| |_|_| |_\__, | / / / /
 =========|_|==============|___/=/_/_/_/
 :: Spring Boot ::                (v3.1.2)

2023-09-05T11:46:48.484-03:00  INFO 29156 --- [           main] vendas.repositories.UserRepositoryTest   : Starting UserRepositoryTest using Java 17.0.8 with PID 29156 (started by Muryllo in C:\Users\Muryllo\Desktop\TestesComSpringApiVendas\Vendas\SpringExemplo)
2023-09-05T11:46:48.485-03:00  INFO 29156 --- [           main] vendas.repositories.UserRepositoryTest   : The following 1 profile is active: "test"
2023-09-05T11:46:48.639-03:00  INFO 29156 --- [           main] .s.d.r.c.RepositoryConfigurationDelegate : Bootstrapping Spring Data JPA repositories in DEFAULT mode.
2023-09-05T11:46:48.666-03:00  INFO 29156 --- [           main] .s.d.r.c.RepositoryConfigurationDelegate : Finished Spring Data repository scanning in 27 ms. Found 5 JPA repository interfaces.
2023-09-05T11:46:48.682-03:00  INFO 29156 --- [           main] beddedDataSourceBeanFactoryPostProcessor : Replacing 'dataSource' DataSource bean with embedded version
2023-09-05T11:46:48.695-03:00  INFO 29156 --- [           main] o.s.j.d.e.EmbeddedDatabaseFactory        : Starting embedded database: url='jdbc:h2:mem:47a457d6-bf7c-431b-8834-411c7e91c301;DB_CLOSE_DELAY=-1;DB_CLOSE_ON_EXIT=false', username='sa'
2023-09-05T11:46:48.726-03:00  INFO 29156 --- [           main] o.hibernate.jpa.internal.util.LogHelper  : HHH000204: Processing PersistenceUnitInfo [name: default]
2023-09-05T11:46:48.743-03:00  INFO 29156 --- [           main] o.h.b.i.BytecodeProviderInitiator        : HHH000021: Bytecode provider name : bytebuddy
2023-09-05T11:46:48.743-03:00  INFO 29156 --- [           main] o.s.o.j.p.SpringPersistenceUnitInfo      : No LoadTimeWeaver setup: ignoring JPA class transformer
2023-09-05T11:46:48.781-03:00  INFO 29156 --- [           main] o.h.b.i.BytecodeProviderInitiator        : HHH000021: Bytecode provider name : bytebuddy
2023-09-05T11:46:48.800-03:00  WARN 29156 --- [           main] org.hibernate.mapping.RootClass          : HHH000038: Composite-id class does not override equals(): vendas.entites.compostas.OrderItemPK
2023-09-05T11:46:48.801-03:00  WARN 29156 --- [           main] org.hibernate.mapping.RootClass          : HHH000039: Composite-id class does not override hashCode(): vendas.entites.compostas.OrderItemPK
2023-09-05T11:46:48.893-03:00  INFO 29156 --- [           main] o.h.e.t.j.p.i.JtaPlatformInitiator       : HHH000490: Using JtaPlatform implementation: [org.hibernate.engine.transaction.jta.platform.internal.NoJtaPlatform]
Hibernate: 
    drop table if exists categories cascade 
Hibernate: 
    drop table if exists order_item cascade 
Hibernate: 
    drop table if exists orders cascade 
Hibernate: 
    drop table if exists payments cascade 
Hibernate: 
    drop table if exists product_category cascade 
Hibernate: 
    drop table if exists products cascade 
Hibernate: 
    drop table if exists users cascade 
Hibernate: 
    create table categories (
        id bigint generated by default as identity,
        name varchar(255),
        primary key (id)
    )
Hibernate: 
    create table order_item (
        price float(53),
        quantity integer,
        order_id bigint not null,
        product_id bigint not null,
        primary key (order_id, product_id)
    )
Hibernate: 
    create table orders (
        order_status integer,
        client_id bigint,
        id bigint generated by default as identity,
        moment timestamp(6) with time zone,
        primary key (id)
    )
Hibernate: 
    create table payments (
        moment timestamp(6) with time zone,
        order_id bigint not null,
        primary key (order_id)
    )
Hibernate: 
    create table product_category (
        category_id bigint not null,
        product_id bigint not null,
        primary key (category_id, product_id)
    )
Hibernate: 
    create table products (
        price float(53) not null,
        id bigint generated by default as identity,
        description varchar(255) not null,
        img_url varchar(255) not null,
        name varchar(255) not null,
        primary key (id)
    )
Hibernate: 
    create table users (
        id bigint generated by default as identity,
        phone varchar(9),
        email varchar(255) not null,
        name varchar(255) not null,
        password varchar(255) not null,
        primary key (id)
    )
Hibernate: 
    alter table if exists order_item 
       add constraint FKc5uhmwioq5kscilyuchp4w49o 
       foreign key (product_id) 
       references products
Hibernate: 
    alter table if exists order_item 
       add constraint FKt4dc2r9nbvbujrljv3e23iibt 
       foreign key (order_id) 
       references orders
Hibernate: 
    alter table if exists orders 
       add constraint FKojjigrbyd7qrcwrxvr7e9bdr2 
       foreign key (client_id) 
       references users
Hibernate: 
    alter table if exists payments 
       add constraint FK81gagumt0r8y3rmudcgpbk42l 
       foreign key (order_id) 
       references orders
Hibernate: 
    alter table if exists product_category 
       add constraint FKdswxvx2nl2032yjv609r29sdr 
       foreign key (category_id) 
       references categories
Hibernate: 
    alter table if exists product_category 
       add constraint FK5w81wp3eyugvi2lii94iao3fm 
       foreign key (product_id) 
       references products
2023-09-05T11:46:48.914-03:00  INFO 29156 --- [           main] j.LocalContainerEntityManagerFactoryBean : Initialized JPA EntityManagerFactory for persistence unit 'default'
2023-09-05T11:46:49.041-03:00  INFO 29156 --- [           main] vendas.repositories.UserRepositoryTest   : Started UserRepositoryTest in 0.595 seconds (process running for 22.866)
Hibernate: 
    select
        u1_0.id,
        u1_0.email,
        u1_0.name,
        u1_0.password,
        u1_0.phone 
    from
        users u1_0 
    where
        u1_0.id=?
Hibernate: 
    insert 
    into
        users
        (email,name,password,phone,id) 
    values
        (?,?,?,?,default)
Hibernate: 
    select
        u1_0.id,
        u1_0.email,
        u1_0.name,
        u1_0.password,
        u1_0.phone 
    from
        users u1_0 
    where
        u1_0.id=?
Hibernate: 
    insert 
    into
        users
        (email,name,password,phone,id) 
    values
        (?,?,?,?,default)
2023-09-05T11:46:49.061-03:00  INFO 29156 --- [           main] j.LocalContainerEntityManagerFactoryBean : Closing JPA EntityManagerFactory for persistence unit 'default'
Hibernate: 
    drop table if exists categories cascade 
Hibernate: 
    drop table if exists order_item cascade 
Hibernate: 
    drop table if exists orders cascade 
Hibernate: 
    drop table if exists payments cascade 
Hibernate: 
    drop table if exists product_category cascade 
Hibernate: 
    drop table if exists products cascade 
Hibernate: 
    drop table if exists users cascade 
]]></system-out>
  </testcase>
  <testcase name="listarUsuarioRepository" classname="vendas.repositories.UserRepositoryTest" time="0.025">
    <system-out><![CDATA[
  .   ____          _            __ _ _
 /\\ / ___'_ __ _ _(_)_ __  __ _ \ \ \ \
( ( )\___ | '_ | '_| | '_ \/ _` | \ \ \ \
 \\/  ___)| |_)| | | | | || (_| |  ) ) ) )
  '  |____| .__|_| |_|_| |_\__, | / / / /
 =========|_|==============|___/=/_/_/_/
 :: Spring Boot ::                (v3.1.2)

2023-09-05T11:46:49.104-03:00  INFO 29156 --- [           main] vendas.repositories.UserRepositoryTest   : Starting UserRepositoryTest using Java 17.0.8 with PID 29156 (started by Muryllo in C:\Users\Muryllo\Desktop\TestesComSpringApiVendas\Vendas\SpringExemplo)
2023-09-05T11:46:49.105-03:00  INFO 29156 --- [           main] vendas.repositories.UserRepositoryTest   : The following 1 profile is active: "test"
2023-09-05T11:46:49.238-03:00  INFO 29156 --- [           main] .s.d.r.c.RepositoryConfigurationDelegate : Bootstrapping Spring Data JPA repositories in DEFAULT mode.
2023-09-05T11:46:49.261-03:00  INFO 29156 --- [           main] .s.d.r.c.RepositoryConfigurationDelegate : Finished Spring Data repository scanning in 22 ms. Found 5 JPA repository interfaces.
2023-09-05T11:46:49.273-03:00  INFO 29156 --- [           main] beddedDataSourceBeanFactoryPostProcessor : Replacing 'dataSource' DataSource bean with embedded version
2023-09-05T11:46:49.285-03:00  INFO 29156 --- [           main] o.s.j.d.e.EmbeddedDatabaseFactory        : Starting embedded database: url='jdbc:h2:mem:2c52f1fd-d205-4e75-98d8-d2b2cac04a30;DB_CLOSE_DELAY=-1;DB_CLOSE_ON_EXIT=false', username='sa'
2023-09-05T11:46:49.307-03:00  INFO 29156 --- [           main] o.hibernate.jpa.internal.util.LogHelper  : HHH000204: Processing PersistenceUnitInfo [name: default]
2023-09-05T11:46:49.320-03:00  INFO 29156 --- [           main] o.h.b.i.BytecodeProviderInitiator        : HHH000021: Bytecode provider name : bytebuddy
2023-09-05T11:46:49.320-03:00  INFO 29156 --- [           main] o.s.o.j.p.SpringPersistenceUnitInfo      : No LoadTimeWeaver setup: ignoring JPA class transformer
2023-09-05T11:46:49.358-03:00  INFO 29156 --- [           main] o.h.b.i.BytecodeProviderInitiator        : HHH000021: Bytecode provider name : bytebuddy
2023-09-05T11:46:49.380-03:00  WARN 29156 --- [           main] org.hibernate.mapping.RootClass          : HHH000038: Composite-id class does not override equals(): vendas.entites.compostas.OrderItemPK
2023-09-05T11:46:49.380-03:00  WARN 29156 --- [           main] org.hibernate.mapping.RootClass          : HHH000039: Composite-id class does not override hashCode(): vendas.entites.compostas.OrderItemPK
2023-09-05T11:46:49.467-03:00  INFO 29156 --- [           main] o.h.e.t.j.p.i.JtaPlatformInitiator       : HHH000490: Using JtaPlatform implementation: [org.hibernate.engine.transaction.jta.platform.internal.NoJtaPlatform]
Hibernate: 
    drop table if exists categories cascade 
Hibernate: 
    drop table if exists order_item cascade 
Hibernate: 
    drop table if exists orders cascade 
Hibernate: 
    drop table if exists payments cascade 
Hibernate: 
    drop table if exists product_category cascade 
Hibernate: 
    drop table if exists products cascade 
Hibernate: 
    drop table if exists users cascade 
Hibernate: 
    create table categories (
        id bigint generated by default as identity,
        name varchar(255),
        primary key (id)
    )
Hibernate: 
    create table order_item (
        price float(53),
        quantity integer,
        order_id bigint not null,
        product_id bigint not null,
        primary key (order_id, product_id)
    )
Hibernate: 
    create table orders (
        order_status integer,
        client_id bigint,
        id bigint generated by default as identity,
        moment timestamp(6) with time zone,
        primary key (id)
    )
Hibernate: 
    create table payments (
        moment timestamp(6) with time zone,
        order_id bigint not null,
        primary key (order_id)
    )
Hibernate: 
    create table product_category (
        category_id bigint not null,
        product_id bigint not null,
        primary key (category_id, product_id)
    )
Hibernate: 
    create table products (
        price float(53) not null,
        id bigint generated by default as identity,
        description varchar(255) not null,
        img_url varchar(255) not null,
        name varchar(255) not null,
        primary key (id)
    )
Hibernate: 
    create table users (
        id bigint generated by default as identity,
        phone varchar(9),
        email varchar(255) not null,
        name varchar(255) not null,
        password varchar(255) not null,
        primary key (id)
    )
Hibernate: 
    alter table if exists order_item 
       add constraint FKc5uhmwioq5kscilyuchp4w49o 
       foreign key (product_id) 
       references products
Hibernate: 
    alter table if exists order_item 
       add constraint FKt4dc2r9nbvbujrljv3e23iibt 
       foreign key (order_id) 
       references orders
Hibernate: 
    alter table if exists orders 
       add constraint FKojjigrbyd7qrcwrxvr7e9bdr2 
       foreign key (client_id) 
       references users
Hibernate: 
    alter table if exists payments 
       add constraint FK81gagumt0r8y3rmudcgpbk42l 
       foreign key (order_id) 
       references orders
Hibernate: 
    alter table if exists product_category 
       add constraint FKdswxvx2nl2032yjv609r29sdr 
       foreign key (category_id) 
       references categories
Hibernate: 
    alter table if exists product_category 
       add constraint FK5w81wp3eyugvi2lii94iao3fm 
       foreign key (product_id) 
       references products
2023-09-05T11:46:49.501-03:00  INFO 29156 --- [           main] j.LocalContainerEntityManagerFactoryBean : Initialized JPA EntityManagerFactory for persistence unit 'default'
2023-09-05T11:46:49.609-03:00  INFO 29156 --- [           main] vendas.repositories.UserRepositoryTest   : Started UserRepositoryTest in 0.54 seconds (process running for 23.434)
Hibernate: 
    select
        u1_0.id,
        u1_0.email,
        u1_0.name,
        u1_0.password,
        u1_0.phone 
    from
        users u1_0 
    where
        u1_0.id=?
Hibernate: 
    insert 
    into
        users
        (email,name,password,phone,id) 
    values
        (?,?,?,?,default)
Hibernate: 
    select
        u1_0.id,
        u1_0.email,
        u1_0.name,
        u1_0.password,
        u1_0.phone 
    from
        users u1_0 
    where
        u1_0.id=?
Hibernate: 
    insert 
    into
        users
        (email,name,password,phone,id) 
    values
        (?,?,?,?,default)
Hibernate: 
    select
        u1_0.id,
        u1_0.email,
        u1_0.name,
        u1_0.password,
        u1_0.phone 
    from
        users u1_0
2023-09-05T11:46:49.632-03:00  INFO 29156 --- [           main] j.LocalContainerEntityManagerFactoryBean : Closing JPA EntityManagerFactory for persistence unit 'default'
Hibernate: 
    drop table if exists categories cascade 
Hibernate: 
    drop table if exists order_item cascade 
Hibernate: 
    drop table if exists orders cascade 
Hibernate: 
    drop table if exists payments cascade 
Hibernate: 
    drop table if exists product_category cascade 
Hibernate: 
    drop table if exists products cascade 
Hibernate: 
    drop table if exists users cascade 
]]></system-out>
  </testcase>
  <testcase name="atualizarUsuarioRepository" classname="vendas.repositories.UserRepositoryTest" time="0.022">
    <system-out><![CDATA[
  .   ____          _            __ _ _
 /\\ / ___'_ __ _ _(_)_ __  __ _ \ \ \ \
( ( )\___ | '_ | '_| | '_ \/ _` | \ \ \ \
 \\/  ___)| |_)| | | | | || (_| |  ) ) ) )
  '  |____| .__|_| |_|_| |_\__, | / / / /
 =========|_|==============|___/=/_/_/_/
 :: Spring Boot ::                (v3.1.2)

2023-09-05T11:46:49.677-03:00  INFO 29156 --- [           main] vendas.repositories.UserRepositoryTest   : Starting UserRepositoryTest using Java 17.0.8 with PID 29156 (started by Muryllo in C:\Users\Muryllo\Desktop\TestesComSpringApiVendas\Vendas\SpringExemplo)
2023-09-05T11:46:49.677-03:00  INFO 29156 --- [           main] vendas.repositories.UserRepositoryTest   : The following 1 profile is active: "test"
2023-09-05T11:46:49.794-03:00  INFO 29156 --- [           main] .s.d.r.c.RepositoryConfigurationDelegate : Bootstrapping Spring Data JPA repositories in DEFAULT mode.
2023-09-05T11:46:49.814-03:00  INFO 29156 --- [           main] .s.d.r.c.RepositoryConfigurationDelegate : Finished Spring Data repository scanning in 18 ms. Found 5 JPA repository interfaces.
2023-09-05T11:46:49.829-03:00  INFO 29156 --- [           main] beddedDataSourceBeanFactoryPostProcessor : Replacing 'dataSource' DataSource bean with embedded version
2023-09-05T11:46:49.842-03:00  INFO 29156 --- [           main] o.s.j.d.e.EmbeddedDatabaseFactory        : Starting embedded database: url='jdbc:h2:mem:d17444c9-8d29-4720-a939-8672ea86bcf6;DB_CLOSE_DELAY=-1;DB_CLOSE_ON_EXIT=false', username='sa'
2023-09-05T11:46:49.869-03:00  INFO 29156 --- [           main] o.hibernate.jpa.internal.util.LogHelper  : HHH000204: Processing PersistenceUnitInfo [name: default]
2023-09-05T11:46:49.887-03:00  INFO 29156 --- [           main] o.h.b.i.BytecodeProviderInitiator        : HHH000021: Bytecode provider name : bytebuddy
2023-09-05T11:46:49.888-03:00  INFO 29156 --- [           main] o.s.o.j.p.SpringPersistenceUnitInfo      : No LoadTimeWeaver setup: ignoring JPA class transformer
2023-09-05T11:46:49.931-03:00  INFO 29156 --- [           main] o.h.b.i.BytecodeProviderInitiator        : HHH000021: Bytecode provider name : bytebuddy
2023-09-05T11:46:49.955-03:00  WARN 29156 --- [           main] org.hibernate.mapping.RootClass          : HHH000038: Composite-id class does not override equals(): vendas.entites.compostas.OrderItemPK
2023-09-05T11:46:49.955-03:00  WARN 29156 --- [           main] org.hibernate.mapping.RootClass          : HHH000039: Composite-id class does not override hashCode(): vendas.entites.compostas.OrderItemPK
2023-09-05T11:46:50.032-03:00  INFO 29156 --- [           main] o.h.e.t.j.p.i.JtaPlatformInitiator       : HHH000490: Using JtaPlatform implementation: [org.hibernate.engine.transaction.jta.platform.internal.NoJtaPlatform]
Hibernate: 
    drop table if exists categories cascade 
Hibernate: 
    drop table if exists order_item cascade 
Hibernate: 
    drop table if exists orders cascade 
Hibernate: 
    drop table if exists payments cascade 
Hibernate: 
    drop table if exists product_category cascade 
Hibernate: 
    drop table if exists products cascade 
Hibernate: 
    drop table if exists users cascade 
Hibernate: 
    create table categories (
        id bigint generated by default as identity,
        name varchar(255),
        primary key (id)
    )
Hibernate: 
    create table order_item (
        price float(53),
        quantity integer,
        order_id bigint not null,
        product_id bigint not null,
        primary key (order_id, product_id)
    )
Hibernate: 
    create table orders (
        order_status integer,
        client_id bigint,
        id bigint generated by default as identity,
        moment timestamp(6) with time zone,
        primary key (id)
    )
Hibernate: 
    create table payments (
        moment timestamp(6) with time zone,
        order_id bigint not null,
        primary key (order_id)
    )
Hibernate: 
    create table product_category (
        category_id bigint not null,
        product_id bigint not null,
        primary key (category_id, product_id)
    )
Hibernate: 
    create table products (
        price float(53) not null,
        id bigint generated by default as identity,
        description varchar(255) not null,
        img_url varchar(255) not null,
        name varchar(255) not null,
        primary key (id)
    )
Hibernate: 
    create table users (
        id bigint generated by default as identity,
        phone varchar(9),
        email varchar(255) not null,
        name varchar(255) not null,
        password varchar(255) not null,
        primary key (id)
    )
Hibernate: 
    alter table if exists order_item 
       add constraint FKc5uhmwioq5kscilyuchp4w49o 
       foreign key (product_id) 
       references products
Hibernate: 
    alter table if exists order_item 
       add constraint FKt4dc2r9nbvbujrljv3e23iibt 
       foreign key (order_id) 
       references orders
Hibernate: 
    alter table if exists orders 
       add constraint FKojjigrbyd7qrcwrxvr7e9bdr2 
       foreign key (client_id) 
       references users
Hibernate: 
    alter table if exists payments 
       add constraint FK81gagumt0r8y3rmudcgpbk42l 
       foreign key (order_id) 
       references orders
Hibernate: 
    alter table if exists product_category 
       add constraint FKdswxvx2nl2032yjv609r29sdr 
       foreign key (category_id) 
       references categories
Hibernate: 
    alter table if exists product_category 
       add constraint FK5w81wp3eyugvi2lii94iao3fm 
       foreign key (product_id) 
       references products
2023-09-05T11:46:50.048-03:00  INFO 29156 --- [           main] j.LocalContainerEntityManagerFactoryBean : Initialized JPA EntityManagerFactory for persistence unit 'default'
2023-09-05T11:46:50.191-03:00  INFO 29156 --- [           main] vendas.repositories.UserRepositoryTest   : Started UserRepositoryTest in 0.552 seconds (process running for 24.016)
Hibernate: 
    select
        u1_0.id,
        u1_0.email,
        u1_0.name,
        u1_0.password,
        u1_0.phone 
    from
        users u1_0 
    where
        u1_0.id=?
Hibernate: 
    insert 
    into
        users
        (email,name,password,phone,id) 
    values
        (?,?,?,?,default)
Hibernate: 
    select
        u1_0.id,
        u1_0.email,
        u1_0.name,
        u1_0.password,
        u1_0.phone 
    from
        users u1_0 
    where
        u1_0.id=?
Hibernate: 
    insert 
    into
        users
        (email,name,password,phone,id) 
    values
        (?,?,?,?,default)
2023-09-05T11:46:50.211-03:00  INFO 29156 --- [           main] j.LocalContainerEntityManagerFactoryBean : Closing JPA EntityManagerFactory for persistence unit 'default'
Hibernate: 
    drop table if exists categories cascade 
Hibernate: 
    drop table if exists order_item cascade 
Hibernate: 
    drop table if exists orders cascade 
Hibernate: 
    drop table if exists payments cascade 
Hibernate: 
    drop table if exists product_category cascade 
Hibernate: 
    drop table if exists products cascade 
Hibernate: 
    drop table if exists users cascade 
]]></system-out>
  </testcase>
  <testcase name="salvarUsuarioRepository" classname="vendas.repositories.UserRepositoryTest" time="0.02">
    <system-out><![CDATA[
  .   ____          _            __ _ _
 /\\ / ___'_ __ _ _(_)_ __  __ _ \ \ \ \
( ( )\___ | '_ | '_| | '_ \/ _` | \ \ \ \
 \\/  ___)| |_)| | | | | || (_| |  ) ) ) )
  '  |____| .__|_| |_|_| |_\__, | / / / /
 =========|_|==============|___/=/_/_/_/
 :: Spring Boot ::                (v3.1.2)

2023-09-05T11:46:50.251-03:00  INFO 29156 --- [           main] vendas.repositories.UserRepositoryTest   : Starting UserRepositoryTest using Java 17.0.8 with PID 29156 (started by Muryllo in C:\Users\Muryllo\Desktop\TestesComSpringApiVendas\Vendas\SpringExemplo)
2023-09-05T11:46:50.251-03:00  INFO 29156 --- [           main] vendas.repositories.UserRepositoryTest   : The following 1 profile is active: "test"
2023-09-05T11:46:50.370-03:00  INFO 29156 --- [           main] .s.d.r.c.RepositoryConfigurationDelegate : Bootstrapping Spring Data JPA repositories in DEFAULT mode.
2023-09-05T11:46:50.398-03:00  INFO 29156 --- [           main] .s.d.r.c.RepositoryConfigurationDelegate : Finished Spring Data repository scanning in 27 ms. Found 5 JPA repository interfaces.
2023-09-05T11:46:50.412-03:00  INFO 29156 --- [           main] beddedDataSourceBeanFactoryPostProcessor : Replacing 'dataSource' DataSource bean with embedded version
2023-09-05T11:46:50.422-03:00  INFO 29156 --- [           main] o.s.j.d.e.EmbeddedDatabaseFactory        : Starting embedded database: url='jdbc:h2:mem:491917b4-518c-4a40-be61-91b2f2e6bc42;DB_CLOSE_DELAY=-1;DB_CLOSE_ON_EXIT=false', username='sa'
2023-09-05T11:46:50.440-03:00  INFO 29156 --- [           main] o.hibernate.jpa.internal.util.LogHelper  : HHH000204: Processing PersistenceUnitInfo [name: default]
2023-09-05T11:46:50.454-03:00  INFO 29156 --- [           main] o.h.b.i.BytecodeProviderInitiator        : HHH000021: Bytecode provider name : bytebuddy
2023-09-05T11:46:50.454-03:00  INFO 29156 --- [           main] o.s.o.j.p.SpringPersistenceUnitInfo      : No LoadTimeWeaver setup: ignoring JPA class transformer
2023-09-05T11:46:50.494-03:00  INFO 29156 --- [           main] o.h.b.i.BytecodeProviderInitiator        : HHH000021: Bytecode provider name : bytebuddy
2023-09-05T11:46:50.518-03:00  WARN 29156 --- [           main] org.hibernate.mapping.RootClass          : HHH000038: Composite-id class does not override equals(): vendas.entites.compostas.OrderItemPK
2023-09-05T11:46:50.518-03:00  WARN 29156 --- [           main] org.hibernate.mapping.RootClass          : HHH000039: Composite-id class does not override hashCode(): vendas.entites.compostas.OrderItemPK
2023-09-05T11:46:50.594-03:00  INFO 29156 --- [           main] o.h.e.t.j.p.i.JtaPlatformInitiator       : HHH000490: Using JtaPlatform implementation: [org.hibernate.engine.transaction.jta.platform.internal.NoJtaPlatform]
Hibernate: 
    drop table if exists categories cascade 
Hibernate: 
    drop table if exists order_item cascade 
Hibernate: 
    drop table if exists orders cascade 
Hibernate: 
    drop table if exists payments cascade 
Hibernate: 
    drop table if exists product_category cascade 
Hibernate: 
    drop table if exists products cascade 
Hibernate: 
    drop table if exists users cascade 
Hibernate: 
    create table categories (
        id bigint generated by default as identity,
        name varchar(255),
        primary key (id)
    )
Hibernate: 
    create table order_item (
        price float(53),
        quantity integer,
        order_id bigint not null,
        product_id bigint not null,
        primary key (order_id, product_id)
    )
Hibernate: 
    create table orders (
        order_status integer,
        client_id bigint,
        id bigint generated by default as identity,
        moment timestamp(6) with time zone,
        primary key (id)
    )
Hibernate: 
    create table payments (
        moment timestamp(6) with time zone,
        order_id bigint not null,
        primary key (order_id)
    )
Hibernate: 
    create table product_category (
        category_id bigint not null,
        product_id bigint not null,
        primary key (category_id, product_id)
    )
Hibernate: 
    create table products (
        price float(53) not null,
        id bigint generated by default as identity,
        description varchar(255) not null,
        img_url varchar(255) not null,
        name varchar(255) not null,
        primary key (id)
    )
Hibernate: 
    create table users (
        id bigint generated by default as identity,
        phone varchar(9),
        email varchar(255) not null,
        name varchar(255) not null,
        password varchar(255) not null,
        primary key (id)
    )
Hibernate: 
    alter table if exists order_item 
       add constraint FKc5uhmwioq5kscilyuchp4w49o 
       foreign key (product_id) 
       references products
Hibernate: 
    alter table if exists order_item 
       add constraint FKt4dc2r9nbvbujrljv3e23iibt 
       foreign key (order_id) 
       references orders
Hibernate: 
    alter table if exists orders 
       add constraint FKojjigrbyd7qrcwrxvr7e9bdr2 
       foreign key (client_id) 
       references users
Hibernate: 
    alter table if exists payments 
       add constraint FK81gagumt0r8y3rmudcgpbk42l 
       foreign key (order_id) 
       references orders
Hibernate: 
    alter table if exists product_category 
       add constraint FKdswxvx2nl2032yjv609r29sdr 
       foreign key (category_id) 
       references categories
Hibernate: 
    alter table if exists product_category 
       add constraint FK5w81wp3eyugvi2lii94iao3fm 
       foreign key (product_id) 
       references products
2023-09-05T11:46:50.610-03:00  INFO 29156 --- [           main] j.LocalContainerEntityManagerFactoryBean : Initialized JPA EntityManagerFactory for persistence unit 'default'
2023-09-05T11:46:50.725-03:00  INFO 29156 --- [           main] vendas.repositories.UserRepositoryTest   : Started UserRepositoryTest in 0.507 seconds (process running for 24.551)
Hibernate: 
    select
        u1_0.id,
        u1_0.email,
        u1_0.name,
        u1_0.password,
        u1_0.phone 
    from
        users u1_0 
    where
        u1_0.id=?
Hibernate: 
    insert 
    into
        users
        (email,name,password,phone,id) 
    values
        (?,?,?,?,default)
Hibernate: 
    select
        u1_0.id,
        u1_0.email,
        u1_0.name,
        u1_0.password,
        u1_0.phone 
    from
        users u1_0 
    where
        u1_0.id=?
Hibernate: 
    insert 
    into
        users
        (email,name,password,phone,id) 
    values
        (?,?,?,?,default)
2023-09-05T11:46:50.745-03:00  INFO 29156 --- [           main] j.LocalContainerEntityManagerFactoryBean : Closing JPA EntityManagerFactory for persistence unit 'default'
Hibernate: 
    drop table if exists categories cascade 
Hibernate: 
    drop table if exists order_item cascade 
Hibernate: 
    drop table if exists orders cascade 
Hibernate: 
    drop table if exists payments cascade 
Hibernate: 
    drop table if exists product_category cascade 
Hibernate: 
    drop table if exists products cascade 
Hibernate: 
    drop table if exists users cascade 
]]></system-out>
  </testcase>
  <testcase name="deletarUsuarioRepository" classname="vendas.repositories.UserRepositoryTest" time="0.029">
    <system-out><![CDATA[
  .   ____          _            __ _ _
 /\\ / ___'_ __ _ _(_)_ __  __ _ \ \ \ \
( ( )\___ | '_ | '_| | '_ \/ _` | \ \ \ \
 \\/  ___)| |_)| | | | | || (_| |  ) ) ) )
  '  |____| .__|_| |_|_| |_\__, | / / / /
 =========|_|==============|___/=/_/_/_/
 :: Spring Boot ::                (v3.1.2)

2023-09-05T11:46:50.789-03:00  INFO 29156 --- [           main] vendas.repositories.UserRepositoryTest   : Starting UserRepositoryTest using Java 17.0.8 with PID 29156 (started by Muryllo in C:\Users\Muryllo\Desktop\TestesComSpringApiVendas\Vendas\SpringExemplo)
2023-09-05T11:46:50.789-03:00  INFO 29156 --- [           main] vendas.repositories.UserRepositoryTest   : The following 1 profile is active: "test"
2023-09-05T11:46:50.913-03:00  INFO 29156 --- [           main] .s.d.r.c.RepositoryConfigurationDelegate : Bootstrapping Spring Data JPA repositories in DEFAULT mode.
2023-09-05T11:46:50.941-03:00  INFO 29156 --- [           main] .s.d.r.c.RepositoryConfigurationDelegate : Finished Spring Data repository scanning in 28 ms. Found 5 JPA repository interfaces.
2023-09-05T11:46:50.956-03:00  INFO 29156 --- [           main] beddedDataSourceBeanFactoryPostProcessor : Replacing 'dataSource' DataSource bean with embedded version
2023-09-05T11:46:50.969-03:00  INFO 29156 --- [           main] o.s.j.d.e.EmbeddedDatabaseFactory        : Starting embedded database: url='jdbc:h2:mem:13436cc8-9376-4666-a6d0-9511f92ba067;DB_CLOSE_DELAY=-1;DB_CLOSE_ON_EXIT=false', username='sa'
2023-09-05T11:46:50.994-03:00  INFO 29156 --- [           main] o.hibernate.jpa.internal.util.LogHelper  : HHH000204: Processing PersistenceUnitInfo [name: default]
2023-09-05T11:46:51.012-03:00  INFO 29156 --- [           main] o.h.b.i.BytecodeProviderInitiator        : HHH000021: Bytecode provider name : bytebuddy
2023-09-05T11:46:51.012-03:00  INFO 29156 --- [           main] o.s.o.j.p.SpringPersistenceUnitInfo      : No LoadTimeWeaver setup: ignoring JPA class transformer
2023-09-05T11:46:51.049-03:00  INFO 29156 --- [           main] o.h.b.i.BytecodeProviderInitiator        : HHH000021: Bytecode provider name : bytebuddy
2023-09-05T11:46:51.071-03:00  WARN 29156 --- [           main] org.hibernate.mapping.RootClass          : HHH000038: Composite-id class does not override equals(): vendas.entites.compostas.OrderItemPK
2023-09-05T11:46:51.071-03:00  WARN 29156 --- [           main] org.hibernate.mapping.RootClass          : HHH000039: Composite-id class does not override hashCode(): vendas.entites.compostas.OrderItemPK
2023-09-05T11:46:51.150-03:00  INFO 29156 --- [           main] o.h.e.t.j.p.i.JtaPlatformInitiator       : HHH000490: Using JtaPlatform implementation: [org.hibernate.engine.transaction.jta.platform.internal.NoJtaPlatform]
Hibernate: 
    drop table if exists categories cascade 
Hibernate: 
    drop table if exists order_item cascade 
Hibernate: 
    drop table if exists orders cascade 
Hibernate: 
    drop table if exists payments cascade 
Hibernate: 
    drop table if exists product_category cascade 
Hibernate: 
    drop table if exists products cascade 
Hibernate: 
    drop table if exists users cascade 
Hibernate: 
    create table categories (
        id bigint generated by default as identity,
        name varchar(255),
        primary key (id)
    )
Hibernate: 
    create table order_item (
        price float(53),
        quantity integer,
        order_id bigint not null,
        product_id bigint not null,
        primary key (order_id, product_id)
    )
Hibernate: 
    create table orders (
        order_status integer,
        client_id bigint,
        id bigint generated by default as identity,
        moment timestamp(6) with time zone,
        primary key (id)
    )
Hibernate: 
    create table payments (
        moment timestamp(6) with time zone,
        order_id bigint not null,
        primary key (order_id)
    )
Hibernate: 
    create table product_category (
        category_id bigint not null,
        product_id bigint not null,
        primary key (category_id, product_id)
    )
Hibernate: 
    create table products (
        price float(53) not null,
        id bigint generated by default as identity,
        description varchar(255) not null,
        img_url varchar(255) not null,
        name varchar(255) not null,
        primary key (id)
    )
Hibernate: 
    create table users (
        id bigint generated by default as identity,
        phone varchar(9),
        email varchar(255) not null,
        name varchar(255) not null,
        password varchar(255) not null,
        primary key (id)
    )
Hibernate: 
    alter table if exists order_item 
       add constraint FKc5uhmwioq5kscilyuchp4w49o 
       foreign key (product_id) 
       references products
Hibernate: 
    alter table if exists order_item 
       add constraint FKt4dc2r9nbvbujrljv3e23iibt 
       foreign key (order_id) 
       references orders
Hibernate: 
    alter table if exists orders 
       add constraint FKojjigrbyd7qrcwrxvr7e9bdr2 
       foreign key (client_id) 
       references users
Hibernate: 
    alter table if exists payments 
       add constraint FK81gagumt0r8y3rmudcgpbk42l 
       foreign key (order_id) 
       references orders
Hibernate: 
    alter table if exists product_category 
       add constraint FKdswxvx2nl2032yjv609r29sdr 
       foreign key (category_id) 
       references categories
Hibernate: 
    alter table if exists product_category 
       add constraint FK5w81wp3eyugvi2lii94iao3fm 
       foreign key (product_id) 
       references products
2023-09-05T11:46:51.171-03:00  INFO 29156 --- [           main] j.LocalContainerEntityManagerFactoryBean : Initialized JPA EntityManagerFactory for persistence unit 'default'
2023-09-05T11:46:51.270-03:00  INFO 29156 --- [           main] vendas.repositories.UserRepositoryTest   : Started UserRepositoryTest in 0.519 seconds (process running for 25.096)
Hibernate: 
    select
        u1_0.id,
        u1_0.email,
        u1_0.name,
        u1_0.password,
        u1_0.phone 
    from
        users u1_0 
    where
        u1_0.id=?
Hibernate: 
    insert 
    into
        users
        (email,name,password,phone,id) 
    values
        (?,?,?,?,default)
Hibernate: 
    select
        u1_0.id,
        u1_0.email,
        u1_0.name,
        u1_0.password,
        u1_0.phone 
    from
        users u1_0 
    where
        u1_0.id=?
Hibernate: 
    insert 
    into
        users
        (email,name,password,phone,id) 
    values
        (?,?,?,?,default)
Hibernate: 
    delete 
    from
        users 
    where
        id=?
Hibernate: 
    select
        count(*) 
    from
        users u1_0 
    where
        u1_0.id=?
2023-09-05T11:46:51.297-03:00  INFO 29156 --- [           main] j.LocalContainerEntityManagerFactoryBean : Closing JPA EntityManagerFactory for persistence unit 'default'
Hibernate: 
    drop table if exists categories cascade 
Hibernate: 
    drop table if exists order_item cascade 
Hibernate: 
    drop table if exists orders cascade 
Hibernate: 
    drop table if exists payments cascade 
Hibernate: 
    drop table if exists product_category cascade 
Hibernate: 
    drop table if exists products cascade 
Hibernate: 
    drop table if exists users cascade 
]]></system-out>
  </testcase>
</testsuite>